0 info it worked if it ends with ok
1 verbose cli [ '/home/niko/.nvm/v0.8.28/bin/node',
1 verbose cli   '/home/niko/.nvm/v0.8.28/bin/npm',
1 verbose cli   'start' ]
2 info using npm@1.2.30
3 info using node@v0.8.28
4 verbose read json /home/niko/Code/MERN-development/api/package.json
5 error Error: ENOENT, open '/home/niko/Code/MERN-development/api/package.json'
6 error If you need help, you may report this log at:
6 error     <http://github.com/isaacs/npm/issues>
6 error or email it to:
6 error     <npm-@googlegroups.com>
7 error System Linux 4.4.0-17763-Microsoft
8 error command "/home/niko/.nvm/v0.8.28/bin/node" "/home/niko/.nvm/v0.8.28/bin/npm" "start"
9 error cwd /home/niko/Code/MERN-development/api
10 error node -v v0.8.28
11 error npm -v 1.2.30
12 error path /home/niko/Code/MERN-development/api/package.json
13 error code ENOENT
14 error errno 34
15 verbose exit [ 34, true ]
